<!DOCTYPE html>

<html>
  <head>
  <meta charset='utf-8'>
  <title>TestNG reports</title>

    <link type="text/css" href="testng-reports.css" rel="stylesheet" />  
    <script type="text/javascript" src="jquery-1.7.1.min.js"></script>
    <script type="text/javascript" src="testng-reports.js"></script>
    <script type="text/javascript" src="https://www.google.com/jsapi"></script>
    <script type='text/javascript'>
      google.load('visualization', '1', {packages:['table']});
      google.setOnLoadCallback(drawTable);
      var suiteTableInitFunctions = new Array();
      var suiteTableData = new Array();
    </script>
    <!--
      <script type="text/javascript" src="jquery-ui/js/jquery-ui-1.8.16.custom.min.js"></script>
     -->
  </head>

  <body>
    <div class="top-banner-root">
      <span class="top-banner-title-font">Test results</span>
      <br/>
      <span class="top-banner-font-1">1 suite, 3 failed tests</span>
    </div> <!-- top-banner-root -->
    <div class="navigator-root">
      <div class="navigator-suite-header">
        <span>All suites</span>
        <a href="#" class="collapse-all-link" title="Collapse/expand all the suites">
          <img class="collapse-all-icon" src="collapseall.gif">
          </img> <!-- collapse-all-icon -->
        </a> <!-- collapse-all-link -->
      </div> <!-- navigator-suite-header -->
      <div class="suite">
        <div class="rounded-window">
          <div class="suite-header light-rounded-window-top">
            <a href="#" class="navigator-link" panel-name="suite-SigninPageSuite">
              <span class="suite-name border-failed">SigninPageSuite</span>
            </a> <!-- navigator-link -->
          </div> <!-- suite-header light-rounded-window-top -->
          <div class="navigator-suite-content">
            <div class="suite-section-title">
              <span>Info</span>
            </div> <!-- suite-section-title -->
            <div class="suite-section-content">
              <ul>
                <li>
                  <a href="#" class="navigator-link " panel-name="test-xml-SigninPageSuite">
                    <span>C:\Users\NRK\javapract\PriyaRevison\AAA_PriyaProject\signinPage.xml</span>
                  </a> <!-- navigator-link  -->
                </li>
                <li>
                  <a href="#" class="navigator-link " panel-name="testlist-SigninPageSuite">
                    <span class="test-stats">1 test</span>
                  </a> <!-- navigator-link  -->
                </li>
                <li>
                  <a href="#" class="navigator-link " panel-name="group-SigninPageSuite">
                    <span>3 groups</span>
                  </a> <!-- navigator-link  -->
                </li>
                <li>
                  <a href="#" class="navigator-link " panel-name="times-SigninPageSuite">
                    <span>Times</span>
                  </a> <!-- navigator-link  -->
                </li>
                <li>
                  <a href="#" class="navigator-link " panel-name="reporter-SigninPageSuite">
                    <span>Reporter output</span>
                  </a> <!-- navigator-link  -->
                </li>
                <li>
                  <a href="#" class="navigator-link " panel-name="ignored-methods-SigninPageSuite">
                    <span>Ignored methods</span>
                  </a> <!-- navigator-link  -->
                </li>
                <li>
                  <a href="#" class="navigator-link " panel-name="chronological-SigninPageSuite">
                    <span>Chronological view</span>
                  </a> <!-- navigator-link  -->
                </li>
              </ul>
            </div> <!-- suite-section-content -->
            <div class="result-section">
              <div class="suite-section-title">
                <span>Results</span>
              </div> <!-- suite-section-title -->
              <div class="suite-section-content">
                <ul>
                  <li>
                    <span class="method-stats">12 methods, 3 failed,   9 passed</span>
                  </li>
                  <li>
                    <span class="method-list-title failed">Failed methods</span>
                    <span class="show-or-hide-methods failed">
                      <a href="#" panel-name="suite-SigninPageSuite" class="hide-methods failed suite-SigninPageSuite"> (hide)</a> <!-- hide-methods failed suite-SigninPageSuite -->
                      <a href="#" panel-name="suite-SigninPageSuite" class="show-methods failed suite-SigninPageSuite"> (show)</a> <!-- show-methods failed suite-SigninPageSuite -->
                    </span>
                    <div class="method-list-content failed suite-SigninPageSuite">
                      <span>
                        <img width="3%" src="failed.png"/>
                        <a href="#" class="method navigator-link" panel-name="suite-SigninPageSuite" title="com.ajioweb.pagetest.SignInPageTest" hash-for-method="verify_Successfull_Login(invalid, Priya123@)">verify_Successfull_Login(invalid, Priya123@)</a> <!-- method navigator-link -->
                      </span>
                      <br/>
                      <span>
                        <img width="3%" src="failed.png"/>
                        <a href="#" class="method navigator-link" panel-name="suite-SigninPageSuite" title="com.ajioweb.pagetest.SignInPageTest" hash-for-method="verify_Successfull_Login(ukundepriya@gmail.com, invalid)">verify_Successfull_Login(ukundepriya@gmail.com, invalid)</a> <!-- method navigator-link -->
                      </span>
                      <br/>
                      <span>
                        <img width="3%" src="failed.png"/>
                        <a href="#" class="method navigator-link" panel-name="suite-SigninPageSuite" title="com.ajioweb.pagetest.SignInPageTest" hash-for-method="verify_Successfull_Login(invalid, invalid)">verify_Successfull_Login(invalid, invalid)</a> <!-- method navigator-link -->
                      </span>
                      <br/>
                    </div> <!-- method-list-content failed suite-SigninPageSuite -->
                  </li>
                  <li>
                    <span class="method-list-title passed">Passed methods</span>
                    <span class="show-or-hide-methods passed">
                      <a href="#" panel-name="suite-SigninPageSuite" class="hide-methods passed suite-SigninPageSuite"> (hide)</a> <!-- hide-methods passed suite-SigninPageSuite -->
                      <a href="#" panel-name="suite-SigninPageSuite" class="show-methods passed suite-SigninPageSuite"> (show)</a> <!-- show-methods passed suite-SigninPageSuite -->
                    </span>
                    <div class="method-list-content passed suite-SigninPageSuite">
                      <span>
                        <img width="3%" src="passed.png"/>
                        <a href="#" class="method navigator-link" panel-name="suite-SigninPageSuite" title="com.ajioweb.pagetest.SignInPageTest" hash-for-method="verify_SignInWithOtp_ModalPop_Up">verify_SignInWithOtp_ModalPop_Up</a> <!-- method navigator-link -->
                      </span>
                      <br/>
                      <span>
                        <img width="3%" src="passed.png"/>
                        <a href="#" class="method navigator-link" panel-name="suite-SigninPageSuite" title="com.ajioweb.pagetest.SignInPageTest" hash-for-method="verify_Successfull_Login(ukundepriya@gmail.com, Priya123@)">verify_Successfull_Login(ukundepriya@gmail.com, Priya123@)</a> <!-- method navigator-link -->
                      </span>
                      <br/>
                      <span>
                        <img width="3%" src="passed.png"/>
                        <a href="#" class="method navigator-link" panel-name="suite-SigninPageSuite" title="com.ajioweb.pagetest.SignInPageTest" hash-for-method="verify_TACLink_is_redirecting_to_TACPage">verify_TACLink_is_redirecting_to_TACPage</a> <!-- method navigator-link -->
                      </span>
                      <br/>
                      <span>
                        <img width="3%" src="passed.png"/>
                        <a href="#" class="method navigator-link" panel-name="suite-SigninPageSuite" title="com.ajioweb.pagetest.SignInPageTest" hash-for-method="verify_backIcon_redirectingPage_To_LoginFormEmail">verify_backIcon_redirectingPage_To_LoginFormEmail</a> <!-- method navigator-link -->
                      </span>
                      <br/>
                      <span>
                        <img width="3%" src="passed.png"/>
                        <a href="#" class="method navigator-link" panel-name="suite-SigninPageSuite" title="com.ajioweb.pagetest.SignInPageTest" hash-for-method="verify_closing_LoginForm">verify_closing_LoginForm</a> <!-- method navigator-link -->
                      </span>
                      <br/>
                      <span>
                        <img width="3%" src="passed.png"/>
                        <a href="#" class="method navigator-link" panel-name="suite-SigninPageSuite" title="com.ajioweb.pagetest.SignInPageTest" hash-for-method="verify_loginFormEmail_Elements_Visibile">verify_loginFormEmail_Elements_Visibile</a> <!-- method navigator-link -->
                      </span>
                      <br/>
                      <span>
                        <img width="3%" src="passed.png"/>
                        <a href="#" class="method navigator-link" panel-name="suite-SigninPageSuite" title="com.ajioweb.pagetest.SignInPageTest" hash-for-method="verify_loginFormPassword_Elements_Visibile">verify_loginFormPassword_Elements_Visibile</a> <!-- method navigator-link -->
                      </span>
                      <br/>
                      <span>
                        <img width="3%" src="passed.png"/>
                        <a href="#" class="method navigator-link" panel-name="suite-SigninPageSuite" title="com.ajioweb.pagetest.SignInPageTest" hash-for-method="verify_loginForm_Password_ModalPopUp_Visible">verify_loginForm_Password_ModalPopUp_Visible</a> <!-- method navigator-link -->
                      </span>
                      <br/>
                      <span>
                        <img width="3%" src="passed.png"/>
                        <a href="#" class="method navigator-link" panel-name="suite-SigninPageSuite" title="com.ajioweb.pagetest.SignInPageTest" hash-for-method="verify_signIn_JoinAjio_Link_is_Redirecting_to_signUpModalPopUp">verify_signIn_JoinAjio_Link_is_Redirecting_to_signUpModalPopUp</a> <!-- method navigator-link -->
                      </span>
                      <br/>
                    </div> <!-- method-list-content passed suite-SigninPageSuite -->
                  </li>
                </ul>
              </div> <!-- suite-section-content -->
            </div> <!-- result-section -->
          </div> <!-- navigator-suite-content -->
        </div> <!-- rounded-window -->
      </div> <!-- suite -->
    </div> <!-- navigator-root -->
    <div class="wrapper">
      <div class="main-panel-root">
        <div panel-name="suite-SigninPageSuite" class="panel SigninPageSuite">
          <div class="suite-SigninPageSuite-class-failed">
            <div class="main-panel-header rounded-window-top">
              <img src="failed.png"/>
              <span class="class-name">com.ajioweb.pagetest.SignInPageTest</span>
            </div> <!-- main-panel-header rounded-window-top -->
            <div class="main-panel-content rounded-window-bottom">
              <div class="method">
                <div class="method-content">
                  <a name="verify_Successfull_Login(invalid, Priya123@)">
                  </a> <!-- verify_Successfull_Login(invalid, Priya123@) -->
                  <span class="method-name">verify_Successfull_Login</span>
                  <span class="parameters">(invalid, Priya123@)</span>
                  <div class="stack-trace">org.openqa.selenium.NoSuchElementException: no such element: Unable to locate element: {&quot;method&quot;:&quot;css selector&quot;,&quot;selector&quot;:&quot;input[name=&quot;password&quot;]&quot;}
  (Session info: chrome=83.0.4103.106)
  (Driver info: chromedriver=2.40.565498 (ea082db3280dd6843ebfb08a625e3eb905c4f5ab),platform=Windows NT 10.0.18362 x86_64) (WARNING: The server did not provide any stacktrace information)
Command duration or timeout: 0 milliseconds
For documentation on this error, please visit: https://www.seleniumhq.org/exceptions/no_such_element.html
Build info: version: &apos;3.141.59&apos;, revision: &apos;e82be7d358&apos;, time: &apos;2018-11-14T08:17:03&apos;
System info: host: &apos;DESKTOP-HT38EU9&apos;, ip: &apos;169.254.147.79&apos;, os.name: &apos;Windows 10&apos;, os.arch: &apos;amd64&apos;, os.version: &apos;10.0&apos;, java.version: &apos;1.8.0_171&apos;
Driver info: org.openqa.selenium.chrome.ChromeDriver
Capabilities {acceptInsecureCerts: false, acceptSslCerts: false, applicationCacheEnabled: false, browserConnectionEnabled: false, browserName: chrome, chrome: {chromedriverVersion: 2.40.565498 (ea082db3280dd6..., userDataDir: C:\Users\NRK\AppData\Local\...}, cssSelectorsEnabled: true, databaseEnabled: false, handlesAlerts: true, hasTouchScreen: false, javascriptEnabled: true, locationContextEnabled: true, mobileEmulationEnabled: false, nativeEvents: true, networkConnectionEnabled: false, pageLoadStrategy: normal, platform: XP, platformName: XP, rotatable: false, setWindowRect: true, takesHeapSnapshot: true, takesScreenshot: true, unexpectedAlertBehaviour: , unhandledPromptBehavior: , version: 83.0.4103.106, webStorageEnabled: true}
Session ID: 965e9d102cc5ea61fdb2eb02ac4a1635
*** Element info: {Using=css selector, value=input[name=&quot;password&quot;]}
	at org.openqa.selenium.remote.ErrorHandler.createThrowable(ErrorHandler.java:214)
	at org.openqa.selenium.remote.ErrorHandler.throwIfResponseFailed(ErrorHandler.java:166)
	at org.openqa.selenium.remote.http.JsonHttpResponseCodec.reconstructValue(JsonHttpResponseCodec.java:40)
	at org.openqa.selenium.remote.http.AbstractHttpResponseCodec.decode(AbstractHttpResponseCodec.java:80)
	at org.openqa.selenium.remote.http.AbstractHttpResponseCodec.decode(AbstractHttpResponseCodec.java:44)
	at org.openqa.selenium.remote.HttpCommandExecutor.execute(HttpCommandExecutor.java:158)
	at org.openqa.selenium.remote.service.DriverCommandExecutor.execute(DriverCommandExecutor.java:83)
	at org.openqa.selenium.remote.RemoteWebDriver.execute(RemoteWebDriver.java:552)
	at org.openqa.selenium.remote.RemoteWebDriver.findElement(RemoteWebDriver.java:323)
	at org.openqa.selenium.remote.RemoteWebDriver.findElementByCssSelector(RemoteWebDriver.java:420)
	at org.openqa.selenium.By$ByCssSelector.findElement(By.java:431)
	at org.openqa.selenium.remote.RemoteWebDriver.findElement(RemoteWebDriver.java:315)
	at org.openqa.selenium.support.pagefactory.DefaultElementLocator.findElement(DefaultElementLocator.java:69)
	at org.openqa.selenium.support.pagefactory.internal.LocatingElementHandler.invoke(LocatingElementHandler.java:38)
	at com.sun.proxy.$Proxy12.sendKeys(Unknown Source)
	at com.ajioweb.pagetest.SignInPageTest.verify_Successfull_Login(SignInPageTest.java:92)
... Removed 29 stack frames
</div> <!-- stack-trace -->
                  <em>
(To verify Successfull Login after providing valid username and password)                  </em>
                </div> <!-- method-content -->
              </div> <!-- method -->
              <div class="method">
                <div class="method-content">
                  <a name="verify_Successfull_Login(ukundepriya@gmail.com, invalid)">
                  </a> <!-- verify_Successfull_Login(ukundepriya@gmail.com, invalid) -->
                  <span class="method-name">verify_Successfull_Login</span>
                  <span class="parameters">(ukundepriya@gmail.com, invalid)</span>
                  <div class="stack-trace">org.openqa.selenium.NoSuchElementException: no such element: Unable to locate element: {&quot;method&quot;:&quot;xpath&quot;,&quot;selector&quot;:&quot;//a[text()=&apos;My Account&apos;]&quot;}
  (Session info: chrome=83.0.4103.106)
  (Driver info: chromedriver=2.40.565498 (ea082db3280dd6843ebfb08a625e3eb905c4f5ab),platform=Windows NT 10.0.18362 x86_64) (WARNING: The server did not provide any stacktrace information)
Command duration or timeout: 0 milliseconds
For documentation on this error, please visit: https://www.seleniumhq.org/exceptions/no_such_element.html
Build info: version: &apos;3.141.59&apos;, revision: &apos;e82be7d358&apos;, time: &apos;2018-11-14T08:17:03&apos;
System info: host: &apos;DESKTOP-HT38EU9&apos;, ip: &apos;169.254.147.79&apos;, os.name: &apos;Windows 10&apos;, os.arch: &apos;amd64&apos;, os.version: &apos;10.0&apos;, java.version: &apos;1.8.0_171&apos;
Driver info: org.openqa.selenium.chrome.ChromeDriver
Capabilities {acceptInsecureCerts: false, acceptSslCerts: false, applicationCacheEnabled: false, browserConnectionEnabled: false, browserName: chrome, chrome: {chromedriverVersion: 2.40.565498 (ea082db3280dd6..., userDataDir: C:\Users\NRK\AppData\Local\...}, cssSelectorsEnabled: true, databaseEnabled: false, handlesAlerts: true, hasTouchScreen: false, javascriptEnabled: true, locationContextEnabled: true, mobileEmulationEnabled: false, nativeEvents: true, networkConnectionEnabled: false, pageLoadStrategy: normal, platform: XP, platformName: XP, rotatable: false, setWindowRect: true, takesHeapSnapshot: true, takesScreenshot: true, unexpectedAlertBehaviour: , unhandledPromptBehavior: , version: 83.0.4103.106, webStorageEnabled: true}
Session ID: 42f8f2b8b94dad890bdc4a93e8e986b6
*** Element info: {Using=xpath, value=//a[text()=&apos;My Account&apos;]}
	at org.openqa.selenium.remote.ErrorHandler.createThrowable(ErrorHandler.java:214)
	at org.openqa.selenium.remote.ErrorHandler.throwIfResponseFailed(ErrorHandler.java:166)
	at org.openqa.selenium.remote.http.JsonHttpResponseCodec.reconstructValue(JsonHttpResponseCodec.java:40)
	at org.openqa.selenium.remote.http.AbstractHttpResponseCodec.decode(AbstractHttpResponseCodec.java:80)
	at org.openqa.selenium.remote.http.AbstractHttpResponseCodec.decode(AbstractHttpResponseCodec.java:44)
	at org.openqa.selenium.remote.HttpCommandExecutor.execute(HttpCommandExecutor.java:158)
	at org.openqa.selenium.remote.service.DriverCommandExecutor.execute(DriverCommandExecutor.java:83)
	at org.openqa.selenium.remote.RemoteWebDriver.execute(RemoteWebDriver.java:552)
	at org.openqa.selenium.remote.RemoteWebDriver.findElement(RemoteWebDriver.java:323)
	at org.openqa.selenium.remote.RemoteWebDriver.findElementByXPath(RemoteWebDriver.java:428)
	at org.openqa.selenium.By$ByXPath.findElement(By.java:353)
	at org.openqa.selenium.remote.RemoteWebDriver.findElement(RemoteWebDriver.java:315)
	at org.openqa.selenium.support.pagefactory.DefaultElementLocator.findElement(DefaultElementLocator.java:69)
	at org.openqa.selenium.support.pagefactory.internal.LocatingElementHandler.invoke(LocatingElementHandler.java:38)
	at com.sun.proxy.$Proxy12.isDisplayed(Unknown Source)
	at com.ajioweb.page.SignInPage.is_MyAccount_Visible(SignInPage.java:210)
	at com.ajioweb.pagetest.SignInPageTest.verify_Successfull_Login(SignInPageTest.java:94)
... Removed 29 stack frames
</div> <!-- stack-trace -->
                  <em>
(To verify Successfull Login after providing valid username and password)                  </em>
                </div> <!-- method-content -->
              </div> <!-- method -->
              <div class="method">
                <div class="method-content">
                  <a name="verify_Successfull_Login(invalid, invalid)">
                  </a> <!-- verify_Successfull_Login(invalid, invalid) -->
                  <span class="method-name">verify_Successfull_Login</span>
                  <span class="parameters">(invalid, invalid)</span>
                  <div class="stack-trace">org.openqa.selenium.NoSuchElementException: no such element: Unable to locate element: {&quot;method&quot;:&quot;css selector&quot;,&quot;selector&quot;:&quot;input[name=&quot;password&quot;]&quot;}
  (Session info: chrome=83.0.4103.106)
  (Driver info: chromedriver=2.40.565498 (ea082db3280dd6843ebfb08a625e3eb905c4f5ab),platform=Windows NT 10.0.18362 x86_64) (WARNING: The server did not provide any stacktrace information)
Command duration or timeout: 0 milliseconds
For documentation on this error, please visit: https://www.seleniumhq.org/exceptions/no_such_element.html
Build info: version: &apos;3.141.59&apos;, revision: &apos;e82be7d358&apos;, time: &apos;2018-11-14T08:17:03&apos;
System info: host: &apos;DESKTOP-HT38EU9&apos;, ip: &apos;169.254.147.79&apos;, os.name: &apos;Windows 10&apos;, os.arch: &apos;amd64&apos;, os.version: &apos;10.0&apos;, java.version: &apos;1.8.0_171&apos;
Driver info: org.openqa.selenium.chrome.ChromeDriver
Capabilities {acceptInsecureCerts: false, acceptSslCerts: false, applicationCacheEnabled: false, browserConnectionEnabled: false, browserName: chrome, chrome: {chromedriverVersion: 2.40.565498 (ea082db3280dd6..., userDataDir: C:\Users\NRK\AppData\Local\...}, cssSelectorsEnabled: true, databaseEnabled: false, handlesAlerts: true, hasTouchScreen: false, javascriptEnabled: true, locationContextEnabled: true, mobileEmulationEnabled: false, nativeEvents: true, networkConnectionEnabled: false, pageLoadStrategy: normal, platform: XP, platformName: XP, rotatable: false, setWindowRect: true, takesHeapSnapshot: true, takesScreenshot: true, unexpectedAlertBehaviour: , unhandledPromptBehavior: , version: 83.0.4103.106, webStorageEnabled: true}
Session ID: 56d9f85886deacfb53d1c4b2183b8211
*** Element info: {Using=css selector, value=input[name=&quot;password&quot;]}
	at org.openqa.selenium.remote.ErrorHandler.createThrowable(ErrorHandler.java:214)
	at org.openqa.selenium.remote.ErrorHandler.throwIfResponseFailed(ErrorHandler.java:166)
	at org.openqa.selenium.remote.http.JsonHttpResponseCodec.reconstructValue(JsonHttpResponseCodec.java:40)
	at org.openqa.selenium.remote.http.AbstractHttpResponseCodec.decode(AbstractHttpResponseCodec.java:80)
	at org.openqa.selenium.remote.http.AbstractHttpResponseCodec.decode(AbstractHttpResponseCodec.java:44)
	at org.openqa.selenium.remote.HttpCommandExecutor.execute(HttpCommandExecutor.java:158)
	at org.openqa.selenium.remote.service.DriverCommandExecutor.execute(DriverCommandExecutor.java:83)
	at org.openqa.selenium.remote.RemoteWebDriver.execute(RemoteWebDriver.java:552)
	at org.openqa.selenium.remote.RemoteWebDriver.findElement(RemoteWebDriver.java:323)
	at org.openqa.selenium.remote.RemoteWebDriver.findElementByCssSelector(RemoteWebDriver.java:420)
	at org.openqa.selenium.By$ByCssSelector.findElement(By.java:431)
	at org.openqa.selenium.remote.RemoteWebDriver.findElement(RemoteWebDriver.java:315)
	at org.openqa.selenium.support.pagefactory.DefaultElementLocator.findElement(DefaultElementLocator.java:69)
	at org.openqa.selenium.support.pagefactory.internal.LocatingElementHandler.invoke(LocatingElementHandler.java:38)
	at com.sun.proxy.$Proxy12.sendKeys(Unknown Source)
	at com.ajioweb.pagetest.SignInPageTest.verify_Successfull_Login(SignInPageTest.java:92)
... Removed 29 stack frames
</div> <!-- stack-trace -->
                  <em>
(To verify Successfull Login after providing valid username and password)                  </em>
                </div> <!-- method-content -->
              </div> <!-- method -->
            </div> <!-- main-panel-content rounded-window-bottom -->
          </div> <!-- suite-SigninPageSuite-class-failed -->
          <div class="suite-SigninPageSuite-class-passed">
            <div class="main-panel-header rounded-window-top">
              <img src="passed.png"/>
              <span class="class-name">com.ajioweb.pagetest.SignInPageTest</span>
            </div> <!-- main-panel-header rounded-window-top -->
            <div class="main-panel-content rounded-window-bottom">
              <div class="method">
                <div class="method-content">
                  <a name="verify_SignInWithOtp_ModalPop_Up">
                  </a> <!-- verify_SignInWithOtp_ModalPop_Up -->
                  <span class="method-name">verify_SignInWithOtp_ModalPop_Up</span>
                  <em>
(To verify after clicking on signIn With Otp button Respective modal PopUp is displaying)                  </em>
                </div> <!-- method-content -->
              </div> <!-- method -->
              <div class="method">
                <div class="method-content">
                  <a name="verify_Successfull_Login(ukundepriya@gmail.com, Priya123@)">
                  </a> <!-- verify_Successfull_Login(ukundepriya@gmail.com, Priya123@) -->
                  <span class="method-name">verify_Successfull_Login</span>
                  <span class="parameters">(ukundepriya@gmail.com, Priya123@)</span>
                  <em>
(To verify Successfull Login after providing valid username and password)                  </em>
                </div> <!-- method-content -->
              </div> <!-- method -->
              <div class="method">
                <div class="method-content">
                  <a name="verify_TACLink_is_redirecting_to_TACPage">
                  </a> <!-- verify_TACLink_is_redirecting_to_TACPage -->
                  <span class="method-name">verify_TACLink_is_redirecting_to_TACPage</span>
                  <em>
(To verify  termsAndCondition_Link_ is redirecting to terms and  ondition page)                  </em>
                </div> <!-- method-content -->
              </div> <!-- method -->
              <div class="method">
                <div class="method-content">
                  <a name="verify_backIcon_redirectingPage_To_LoginFormEmail">
                  </a> <!-- verify_backIcon_redirectingPage_To_LoginFormEmail -->
                  <span class="method-name">verify_backIcon_redirectingPage_To_LoginFormEmail</span>
                  <em>
(To verify after clicking back icon LoginForm_Email Modal Pop_Up is displaying!!)                  </em>
                </div> <!-- method-content -->
              </div> <!-- method -->
              <div class="method">
                <div class="method-content">
                  <a name="verify_closing_LoginForm">
                  </a> <!-- verify_closing_LoginForm -->
                  <span class="method-name">verify_closing_LoginForm</span>
                  <em>
(To verify  after clicking on close icon, the loginForm is closing)                  </em>
                </div> <!-- method-content -->
              </div> <!-- method -->
              <div class="method">
                <div class="method-content">
                  <a name="verify_loginFormEmail_Elements_Visibile">
                  </a> <!-- verify_loginFormEmail_Elements_Visibile -->
                  <span class="method-name">verify_loginFormEmail_Elements_Visibile</span>
                  <em>
(To verify all  elements on login Form_Email  is Visible)                  </em>
                </div> <!-- method-content -->
              </div> <!-- method -->
              <div class="method">
                <div class="method-content">
                  <a name="verify_loginFormPassword_Elements_Visibile">
                  </a> <!-- verify_loginFormPassword_Elements_Visibile -->
                  <span class="method-name">verify_loginFormPassword_Elements_Visibile</span>
                  <em>
(To verify all  elements on login Form_Password  is Visible)                  </em>
                </div> <!-- method-content -->
              </div> <!-- method -->
              <div class="method">
                <div class="method-content">
                  <a name="verify_loginForm_Password_ModalPopUp_Visible">
                  </a> <!-- verify_loginForm_Password_ModalPopUp_Visible -->
                  <span class="method-name">verify_loginForm_Password_ModalPopUp_Visible</span>
                  <em>
(To verify After entering valid username and clicking on continue shoping LoginForm_Password Modal pop_Up Is dispaying)                  </em>
                </div> <!-- method-content -->
              </div> <!-- method -->
              <div class="method">
                <div class="method-content">
                  <a name="verify_signIn_JoinAjio_Link_is_Redirecting_to_signUpModalPopUp">
                  </a> <!-- verify_signIn_JoinAjio_Link_is_Redirecting_to_signUpModalPopUp -->
                  <span class="method-name">verify_signIn_JoinAjio_Link_is_Redirecting_to_signUpModalPopUp</span>
                  <em>
(To verify signIn_JoinAjio Link is redirecting to  loginformEmai Modal popUp )                  </em>
                </div> <!-- method-content -->
              </div> <!-- method -->
            </div> <!-- main-panel-content rounded-window-bottom -->
          </div> <!-- suite-SigninPageSuite-class-passed -->
        </div> <!-- panel SigninPageSuite -->
        <div panel-name="test-xml-SigninPageSuite" class="panel">
          <div class="main-panel-header rounded-window-top">
            <span class="header-content">C:\Users\NRK\javapract\PriyaRevison\AAA_PriyaProject\signinPage.xml</span>
          </div> <!-- main-panel-header rounded-window-top -->
          <div class="main-panel-content rounded-window-bottom">
            <pre>
&lt;?xml version=&quot;1.0&quot; encoding=&quot;UTF-8&quot;?&gt;
&lt;!DOCTYPE suite SYSTEM &quot;http://testng.org/testng-1.0.dtd&quot;&gt;
&lt;suite guice-stage=&quot;DEVELOPMENT&quot; name=&quot;SigninPageSuite&quot;&gt;
  &lt;test name=&quot;Test&quot;&gt;
    &lt;classes&gt;
      &lt;class name=&quot;com.ajioweb.pagetest.SignInPageTest&quot;/&gt;
    &lt;/classes&gt;
  &lt;/test&gt; &lt;!-- Test --&gt;
&lt;/suite&gt; &lt;!-- SigninPageSuite --&gt;
            </pre>
          </div> <!-- main-panel-content rounded-window-bottom -->
        </div> <!-- panel -->
        <div panel-name="testlist-SigninPageSuite" class="panel">
          <div class="main-panel-header rounded-window-top">
            <span class="header-content">Tests for SigninPageSuite</span>
          </div> <!-- main-panel-header rounded-window-top -->
          <div class="main-panel-content rounded-window-bottom">
            <ul>
              <li>
                <span class="test-name">Test (1 class)</span>
              </li>
            </ul>
          </div> <!-- main-panel-content rounded-window-bottom -->
        </div> <!-- panel -->
        <div panel-name="group-SigninPageSuite" class="panel">
          <div class="main-panel-header rounded-window-top">
            <span class="header-content">Groups for SigninPageSuite</span>
          </div> <!-- main-panel-header rounded-window-top -->
          <div class="main-panel-content rounded-window-bottom">
            <div class="test-group">
              <span class="test-group-name">Functional  Testing</span>
              <br/>
              <div class="method-in-group">
                <span class="method-in-group-name">verify_SignInWithOtp_ModalPop_Up</span>
                <br/>
              </div> <!-- method-in-group -->
              <div class="method-in-group">
                <span class="method-in-group-name">verify_TACLink_is_redirecting_to_TACPage</span>
                <br/>
              </div> <!-- method-in-group -->
              <div class="method-in-group">
                <span class="method-in-group-name">verify_backIcon_redirectingPage_To_LoginFormEmail</span>
                <br/>
              </div> <!-- method-in-group -->
              <div class="method-in-group">
                <span class="method-in-group-name">verify_closing_LoginForm</span>
                <br/>
              </div> <!-- method-in-group -->
              <div class="method-in-group">
                <span class="method-in-group-name">verify_loginForm_Password_ModalPopUp_Visible</span>
                <br/>
              </div> <!-- method-in-group -->
              <div class="method-in-group">
                <span class="method-in-group-name">verify_signIn_JoinAjio_Link_is_Redirecting_to_signUpModalPopUp</span>
                <br/>
              </div> <!-- method-in-group -->
            </div> <!-- test-group -->
            <div class="test-group">
              <span class="test-group-name">Smoke Testing</span>
              <br/>
              <div class="method-in-group">
                <span class="method-in-group-name">verify_Successfull_Login</span>
                <br/>
              </div> <!-- method-in-group -->
            </div> <!-- test-group -->
            <div class="test-group">
              <span class="test-group-name">Usability Testing</span>
              <br/>
              <div class="method-in-group">
                <span class="method-in-group-name">verify_loginFormEmail_Elements_Visibile</span>
                <br/>
              </div> <!-- method-in-group -->
              <div class="method-in-group">
                <span class="method-in-group-name">verify_loginFormPassword_Elements_Visibile</span>
                <br/>
              </div> <!-- method-in-group -->
            </div> <!-- test-group -->
          </div> <!-- main-panel-content rounded-window-bottom -->
        </div> <!-- panel -->
        <div panel-name="times-SigninPageSuite" class="panel">
          <div class="main-panel-header rounded-window-top">
            <span class="header-content">Times for SigninPageSuite</span>
          </div> <!-- main-panel-header rounded-window-top -->
          <div class="main-panel-content rounded-window-bottom">
            <div class="times-div">
              <script type="text/javascript">
suiteTableInitFunctions.push('tableData_SigninPageSuite');
function tableData_SigninPageSuite() {
var data = new google.visualization.DataTable();
data.addColumn('number', 'Number');
data.addColumn('string', 'Method');
data.addColumn('string', 'Class');
data.addColumn('number', 'Time (ms)');
data.addRows(12);
data.setCell(0, 0, 0)
data.setCell(0, 1, 'verify_Successfull_Login')
data.setCell(0, 2, 'com.ajioweb.pagetest.SignInPageTest')
data.setCell(0, 3, 21829);
data.setCell(1, 0, 1)
data.setCell(1, 1, 'verify_Successfull_Login')
data.setCell(1, 2, 'com.ajioweb.pagetest.SignInPageTest')
data.setCell(1, 3, 21083);
data.setCell(2, 0, 2)
data.setCell(2, 1, 'verify_Successfull_Login')
data.setCell(2, 2, 'com.ajioweb.pagetest.SignInPageTest')
data.setCell(2, 3, 21032);
data.setCell(3, 0, 3)
data.setCell(3, 1, 'verify_Successfull_Login')
data.setCell(3, 2, 'com.ajioweb.pagetest.SignInPageTest')
data.setCell(3, 3, 6745);
data.setCell(4, 0, 4)
data.setCell(4, 1, 'verify_TACLink_is_redirecting_to_TACPage')
data.setCell(4, 2, 'com.ajioweb.pagetest.SignInPageTest')
data.setCell(4, 3, 2827);
data.setCell(5, 0, 5)
data.setCell(5, 1, 'verify_SignInWithOtp_ModalPop_Up')
data.setCell(5, 2, 'com.ajioweb.pagetest.SignInPageTest')
data.setCell(5, 3, 2625);
data.setCell(6, 0, 6)
data.setCell(6, 1, 'verify_loginFormPassword_Elements_Visibile')
data.setCell(6, 2, 'com.ajioweb.pagetest.SignInPageTest')
data.setCell(6, 3, 2129);
data.setCell(7, 0, 7)
data.setCell(7, 1, 'verify_backIcon_redirectingPage_To_LoginFormEmail')
data.setCell(7, 2, 'com.ajioweb.pagetest.SignInPageTest')
data.setCell(7, 3, 2052);
data.setCell(8, 0, 8)
data.setCell(8, 1, 'verify_loginForm_Password_ModalPopUp_Visible')
data.setCell(8, 2, 'com.ajioweb.pagetest.SignInPageTest')
data.setCell(8, 3, 1768);
data.setCell(9, 0, 9)
data.setCell(9, 1, 'verify_loginFormEmail_Elements_Visibile')
data.setCell(9, 2, 'com.ajioweb.pagetest.SignInPageTest')
data.setCell(9, 3, 549);
data.setCell(10, 0, 10)
data.setCell(10, 1, 'verify_closing_LoginForm')
data.setCell(10, 2, 'com.ajioweb.pagetest.SignInPageTest')
data.setCell(10, 3, 397);
data.setCell(11, 0, 11)
data.setCell(11, 1, 'verify_signIn_JoinAjio_Link_is_Redirecting_to_signUpModalPopUp')
data.setCell(11, 2, 'com.ajioweb.pagetest.SignInPageTest')
data.setCell(11, 3, 247);
window.suiteTableData['SigninPageSuite']= { tableData: data, tableDiv: 'times-div-SigninPageSuite'}
return data;
}
              </script>
              <span class="suite-total-time">Total running time: 1 minutes</span>
              <div id="times-div-SigninPageSuite">
              </div> <!-- times-div-SigninPageSuite -->
            </div> <!-- times-div -->
          </div> <!-- main-panel-content rounded-window-bottom -->
        </div> <!-- panel -->
        <div panel-name="reporter-SigninPageSuite" class="panel">
          <div class="main-panel-header rounded-window-top">
            <span class="header-content">Reporter output for SigninPageSuite</span>
          </div> <!-- main-panel-header rounded-window-top -->
          <div class="main-panel-content rounded-window-bottom">
          </div> <!-- main-panel-content rounded-window-bottom -->
        </div> <!-- panel -->
        <div panel-name="ignored-methods-SigninPageSuite" class="panel">
          <div class="main-panel-header rounded-window-top">
            <span class="header-content">0 ignored methods</span>
          </div> <!-- main-panel-header rounded-window-top -->
          <div class="main-panel-content rounded-window-bottom">
          </div> <!-- main-panel-content rounded-window-bottom -->
        </div> <!-- panel -->
        <div panel-name="chronological-SigninPageSuite" class="panel">
          <div class="main-panel-header rounded-window-top">
            <span class="header-content">Methods in chronological order</span>
          </div> <!-- main-panel-header rounded-window-top -->
          <div class="main-panel-content rounded-window-bottom">
            <div class="chronological-class">
              <div class="chronological-class-name">com.ajioweb.pagetest.SignInPageTest</div> <!-- chronological-class-name -->
              <div class="configuration-test before">
                <span class="method-name">extendReportConfig</span>
                <span class="method-start">0 ms</span>
              </div> <!-- configuration-test before -->
              <div class="configuration-method before">
                <span class="method-name">setUp</span>
                <span class="method-start">306 ms</span>
              </div> <!-- configuration-method before -->
              <div class="test-method">
                <span class="method-name">verify_SignInWithOtp_ModalPop_Up</span>
                <span class="method-start">33466 ms</span>
              </div> <!-- test-method -->
              <div class="configuration-method after">
                <span class="method-name">tearDown([TestResult name=verify_SignInWithOtp_ModalPop_Up status=SUCCESS method=SignInPageTest.verify_SignIn...)</span>
                <span class="method-start">36096 ms</span>
              </div> <!-- configuration-method after -->
              <div class="configuration-method before">
                <span class="method-name">setUp</span>
                <span class="method-start">44947 ms</span>
              </div> <!-- configuration-method before -->
              <div class="test-method">
                <span class="method-name">verify_Successfull_Login(ukundepriya@gmail.com, Priya123@)</span>
                <span class="method-start">73337 ms</span>
              </div> <!-- test-method -->
              <div class="configuration-method after">
                <span class="method-name">tearDown([TestResult name=verify_Successfull_Login status=SUCCESS method=SignInPageTest.verify_Successfull_Lo...)</span>
                <span class="method-start">80084 ms</span>
              </div> <!-- configuration-method after -->
              <div class="configuration-method before">
                <span class="method-name">setUp</span>
                <span class="method-start">84471 ms</span>
              </div> <!-- configuration-method before -->
              <div class="test-method">
                <img src="failed.png">
                </img>
                <span class="method-name">verify_Successfull_Login(ukundepriya@gmail.com, invalid)</span>
                <span class="method-start">106948 ms</span>
              </div> <!-- test-method -->
              <div class="configuration-method after">
                <span class="method-name">tearDown([TestResult name=verify_Successfull_Login status=FAILURE method=SignInPageTest.verify_Successfull_Lo...)</span>
                <span class="method-start">129564 ms</span>
              </div> <!-- configuration-method after -->
              <div class="configuration-method before">
                <span class="method-name">setUp</span>
                <span class="method-start">130652 ms</span>
              </div> <!-- configuration-method before -->
              <div class="test-method">
                <img src="failed.png">
                </img>
                <span class="method-name">verify_Successfull_Login(invalid, Priya123@)</span>
                <span class="method-start">179105 ms</span>
              </div> <!-- test-method -->
              <div class="configuration-method after">
                <span class="method-name">tearDown([TestResult name=verify_Successfull_Login status=FAILURE method=SignInPageTest.verify_Successfull_Lo...)</span>
                <span class="method-start">200956 ms</span>
              </div> <!-- configuration-method after -->
              <div class="configuration-method before">
                <span class="method-name">setUp</span>
                <span class="method-start">205813 ms</span>
              </div> <!-- configuration-method before -->
              <div class="test-method">
                <img src="failed.png">
                </img>
                <span class="method-name">verify_Successfull_Login(invalid, invalid)</span>
                <span class="method-start">224770 ms</span>
              </div> <!-- test-method -->
              <div class="configuration-method after">
                <span class="method-name">tearDown([TestResult name=verify_Successfull_Login status=FAILURE method=SignInPageTest.verify_Successfull_Lo...)</span>
                <span class="method-start">246784 ms</span>
              </div> <!-- configuration-method after -->
              <div class="configuration-method before">
                <span class="method-name">setUp</span>
                <span class="method-start">247561 ms</span>
              </div> <!-- configuration-method before -->
              <div class="test-method">
                <span class="method-name">verify_TACLink_is_redirecting_to_TACPage</span>
                <span class="method-start">268806 ms</span>
              </div> <!-- test-method -->
              <div class="configuration-method after">
                <span class="method-name">tearDown([TestResult name=verify_TACLink_is_redirecting_to_TACPage status=SUCCESS method=SignInPageTest.verif...)</span>
                <span class="method-start">271634 ms</span>
              </div> <!-- configuration-method after -->
              <div class="configuration-method before">
                <span class="method-name">setUp</span>
                <span class="method-start">275963 ms</span>
              </div> <!-- configuration-method before -->
              <div class="test-method">
                <span class="method-name">verify_backIcon_redirectingPage_To_LoginFormEmail</span>
                <span class="method-start">294141 ms</span>
              </div> <!-- test-method -->
              <div class="configuration-method after">
                <span class="method-name">tearDown([TestResult name=verify_backIcon_redirectingPage_To_LoginFormEmail status=SUCCESS method=SignInPageT...)</span>
                <span class="method-start">296194 ms</span>
              </div> <!-- configuration-method after -->
              <div class="configuration-method before">
                <span class="method-name">setUp</span>
                <span class="method-start">296470 ms</span>
              </div> <!-- configuration-method before -->
              <div class="test-method">
                <span class="method-name">verify_closing_LoginForm</span>
                <span class="method-start">315286 ms</span>
              </div> <!-- test-method -->
              <div class="configuration-method after">
                <span class="method-name">tearDown([TestResult name=verify_closing_LoginForm status=SUCCESS method=SignInPageTest.verify_closing_LoginF...)</span>
                <span class="method-start">315684 ms</span>
              </div> <!-- configuration-method after -->
              <div class="configuration-method before">
                <span class="method-name">setUp</span>
                <span class="method-start">315984 ms</span>
              </div> <!-- configuration-method before -->
              <div class="test-method">
                <span class="method-name">verify_loginFormEmail_Elements_Visibile</span>
                <span class="method-start">336907 ms</span>
              </div> <!-- test-method -->
              <div class="configuration-method after">
                <span class="method-name">tearDown([TestResult name=verify_loginFormEmail_Elements_Visibile status=SUCCESS method=SignInPageTest.verify...)</span>
                <span class="method-start">337457 ms</span>
              </div> <!-- configuration-method after -->
              <div class="configuration-method before">
                <span class="method-name">setUp</span>
                <span class="method-start">337696 ms</span>
              </div> <!-- configuration-method before -->
              <div class="test-method">
                <span class="method-name">verify_loginFormPassword_Elements_Visibile</span>
                <span class="method-start">356596 ms</span>
              </div> <!-- test-method -->
              <div class="configuration-method after">
                <span class="method-name">tearDown([TestResult name=verify_loginFormPassword_Elements_Visibile status=SUCCESS method=SignInPageTest.ver...)</span>
                <span class="method-start">358726 ms</span>
              </div> <!-- configuration-method after -->
              <div class="configuration-method before">
                <span class="method-name">setUp</span>
                <span class="method-start">358932 ms</span>
              </div> <!-- configuration-method before -->
              <div class="test-method">
                <span class="method-name">verify_loginForm_Password_ModalPopUp_Visible</span>
                <span class="method-start">378881 ms</span>
              </div> <!-- test-method -->
              <div class="configuration-method after">
                <span class="method-name">tearDown([TestResult name=verify_loginForm_Password_ModalPopUp_Visible status=SUCCESS method=SignInPageTest.v...)</span>
                <span class="method-start">380651 ms</span>
              </div> <!-- configuration-method after -->
              <div class="configuration-method before">
                <span class="method-name">setUp</span>
                <span class="method-start">384897 ms</span>
              </div> <!-- configuration-method before -->
              <div class="test-method">
                <span class="method-name">verify_signIn_JoinAjio_Link_is_Redirecting_to_signUpModalPopUp</span>
                <span class="method-start">403454 ms</span>
              </div> <!-- test-method -->
              <div class="configuration-method after">
                <span class="method-name">tearDown([TestResult name=verify_signIn_JoinAjio_Link_is_Redirecting_to_signUpModalPopUp status=SUCCESS metho...)</span>
                <span class="method-start">403702 ms</span>
              </div> <!-- configuration-method after -->
          </div> <!-- main-panel-content rounded-window-bottom -->
        </div> <!-- panel -->
      </div> <!-- main-panel-root -->
    </div> <!-- wrapper -->
  </body>
</html>
