<?xml version="1.0" encoding="UTF-8"?>
<testng-results skipped="0" failed="3" total="12" passed="9">
  <reporter-output>
  </reporter-output>
  <suite name="SigninPageSuite" duration-ms="408073" started-at="2020-06-23T08:13:02Z" finished-at="2020-06-23T08:19:50Z">
    <groups>
      <group name="Smoke Testing">
        <method signature="SignInPageTest.verify_Successfull_Login(java.lang.String, java.lang.String)[pri:0, instance:com.ajioweb.pagetest.SignInPageTest@1d8d30f7]" name="verify_Successfull_Login" class="com.ajioweb.pagetest.SignInPageTest"/>
      </group> <!-- Smoke Testing -->
      <group name="Functional  Testing">
        <method signature="SignInPageTest.verify_SignInWithOtp_ModalPop_Up()[pri:0, instance:com.ajioweb.pagetest.SignInPageTest@1d8d30f7]" name="verify_SignInWithOtp_ModalPop_Up" class="com.ajioweb.pagetest.SignInPageTest"/>
        <method signature="SignInPageTest.verify_TACLink_is_redirecting_to_TACPage()[pri:0, instance:com.ajioweb.pagetest.SignInPageTest@1d8d30f7]" name="verify_TACLink_is_redirecting_to_TACPage" class="com.ajioweb.pagetest.SignInPageTest"/>
        <method signature="SignInPageTest.verify_backIcon_redirectingPage_To_LoginFormEmail()[pri:0, instance:com.ajioweb.pagetest.SignInPageTest@1d8d30f7]" name="verify_backIcon_redirectingPage_To_LoginFormEmail" class="com.ajioweb.pagetest.SignInPageTest"/>
        <method signature="SignInPageTest.verify_closing_LoginForm()[pri:0, instance:com.ajioweb.pagetest.SignInPageTest@1d8d30f7]" name="verify_closing_LoginForm" class="com.ajioweb.pagetest.SignInPageTest"/>
        <method signature="SignInPageTest.verify_loginForm_Password_ModalPopUp_Visible()[pri:0, instance:com.ajioweb.pagetest.SignInPageTest@1d8d30f7]" name="verify_loginForm_Password_ModalPopUp_Visible" class="com.ajioweb.pagetest.SignInPageTest"/>
        <method signature="SignInPageTest.verify_signIn_JoinAjio_Link_is_Redirecting_to_signUpModalPopUp()[pri:0, instance:com.ajioweb.pagetest.SignInPageTest@1d8d30f7]" name="verify_signIn_JoinAjio_Link_is_Redirecting_to_signUpModalPopUp" class="com.ajioweb.pagetest.SignInPageTest"/>
      </group> <!-- Functional  Testing -->
      <group name="Usability Testing">
        <method signature="SignInPageTest.verify_loginFormEmail_Elements_Visibile()[pri:0, instance:com.ajioweb.pagetest.SignInPageTest@1d8d30f7]" name="verify_loginFormEmail_Elements_Visibile" class="com.ajioweb.pagetest.SignInPageTest"/>
        <method signature="SignInPageTest.verify_loginFormPassword_Elements_Visibile()[pri:0, instance:com.ajioweb.pagetest.SignInPageTest@1d8d30f7]" name="verify_loginFormPassword_Elements_Visibile" class="com.ajioweb.pagetest.SignInPageTest"/>
      </group> <!-- Usability Testing -->
    </groups>
    <test name="Test" duration-ms="408073" started-at="2020-06-23T08:13:02Z" finished-at="2020-06-23T08:19:50Z">
      <class name="com.ajioweb.pagetest.SignInPageTest">
        <test-method status="PASS" signature="extendReportConfig()[pri:0, instance:com.ajioweb.pagetest.SignInPageTest@1d8d30f7]" name="extendReportConfig" is-config="true" duration-ms="281" started-at="2020-06-23T13:43:02Z" finished-at="2020-06-23T13:43:02Z">
          <reporter-output>
          </reporter-output>
        </test-method> <!-- extendReportConfig -->
        <test-method status="PASS" signature="setUp()[pri:0, instance:com.ajioweb.pagetest.SignInPageTest@1d8d30f7]" name="setUp" is-config="true" duration-ms="33160" started-at="2020-06-23T13:43:02Z" finished-at="2020-06-23T13:43:35Z">
          <reporter-output>
          </reporter-output>
        </test-method> <!-- setUp -->
        <test-method status="PASS" signature="verify_SignInWithOtp_ModalPop_Up()[pri:0, instance:com.ajioweb.pagetest.SignInPageTest@1d8d30f7]" name="verify_SignInWithOtp_ModalPop_Up" duration-ms="2625" started-at="2020-06-23T13:43:35Z" description="To verify after clicking on signIn With Otp button Respective modal PopUp is displaying" finished-at="2020-06-23T13:43:38Z">
          <reporter-output>
          </reporter-output>
        </test-method> <!-- verify_SignInWithOtp_ModalPop_Up -->
        <test-method status="PASS" signature="tearDown(org.testng.ITestResult)[pri:0, instance:com.ajioweb.pagetest.SignInPageTest@1d8d30f7]" name="tearDown" is-config="true" duration-ms="6158" started-at="2020-06-23T13:43:38Z" finished-at="2020-06-23T13:43:44Z">
          <params>
            <param index="0">
              <value>
                <![CDATA[[TestResult name=verify_SignInWithOtp_ModalPop_Up status=SUCCESS method=SignInPageTest.verify_SignInWithOtp_ModalPop_Up()[pri:0, instance:com.ajioweb.pagetest.SignInPageTest@1d8d30f7] output={null}]]]>
              </value>
            </param>
          </params>
          <reporter-output>
          </reporter-output>
        </test-method> <!-- tearDown -->
        <test-method status="PASS" signature="setUp()[pri:0, instance:com.ajioweb.pagetest.SignInPageTest@1d8d30f7]" name="setUp" is-config="true" duration-ms="28390" started-at="2020-06-23T13:43:47Z" finished-at="2020-06-23T13:44:15Z">
          <reporter-output>
          </reporter-output>
        </test-method> <!-- setUp -->
        <test-method status="PASS" signature="verify_Successfull_Login(java.lang.String, java.lang.String)[pri:0, instance:com.ajioweb.pagetest.SignInPageTest@1d8d30f7]" name="verify_Successfull_Login" duration-ms="6745" started-at="2020-06-23T13:44:15Z" description="To verify Successfull Login after providing valid username and password" data-provider="TestData" finished-at="2020-06-23T13:44:22Z">
          <params>
            <param index="0">
              <value>
                <![CDATA[ukundepriya@gmail.com]]>
              </value>
            </param>
            <param index="1">
              <value>
                <![CDATA[Priya123@]]>
              </value>
            </param>
          </params>
          <reporter-output>
          </reporter-output>
        </test-method> <!-- verify_Successfull_Login -->
        <test-method status="PASS" signature="tearDown(org.testng.ITestResult)[pri:0, instance:com.ajioweb.pagetest.SignInPageTest@1d8d30f7]" name="tearDown" is-config="true" duration-ms="4387" started-at="2020-06-23T13:44:22Z" finished-at="2020-06-23T13:44:26Z">
          <params>
            <param index="0">
              <value>
                <![CDATA[[TestResult name=verify_Successfull_Login status=SUCCESS method=SignInPageTest.verify_Successfull_Login(java.lang.String, java.lang.String)[pri:0, instance:com.ajioweb.pagetest.SignInPageTest@1d8d30f7] output={null}]]]>
              </value>
            </param>
          </params>
          <reporter-output>
          </reporter-output>
        </test-method> <!-- tearDown -->
        <test-method status="PASS" signature="setUp()[pri:0, instance:com.ajioweb.pagetest.SignInPageTest@1d8d30f7]" name="setUp" is-config="true" duration-ms="22477" started-at="2020-06-23T13:44:26Z" finished-at="2020-06-23T13:44:49Z">
          <reporter-output>
          </reporter-output>
        </test-method> <!-- setUp -->
        <test-method status="FAIL" signature="verify_Successfull_Login(java.lang.String, java.lang.String)[pri:0, instance:com.ajioweb.pagetest.SignInPageTest@1d8d30f7]" name="verify_Successfull_Login" duration-ms="21829" started-at="2020-06-23T13:44:49Z" description="To verify Successfull Login after providing valid username and password" data-provider="TestData" finished-at="2020-06-23T13:45:11Z">
          <params>
            <param index="0">
              <value>
                <![CDATA[ukundepriya@gmail.com]]>
              </value>
            </param>
            <param index="1">
              <value>
                <![CDATA[invalid]]>
              </value>
            </param>
          </params>
          <exception class="org.openqa.selenium.NoSuchElementException">
            <message>
              <![CDATA[no such element: Unable to locate element: {"method":"xpath","selector":"//a[text()='My Account']"}
  (Session info: chrome=83.0.4103.106)
  (Driver info: chromedriver=2.40.565498 (ea082db3280dd6843ebfb08a625e3eb905c4f5ab),platform=Windows NT 10.0.18362 x86_64) (WARNING: The server did not provide any stacktrace information)
Command duration or timeout: 0 milliseconds
For documentation on this error, please visit: https://www.seleniumhq.org/exceptions/no_such_element.html
Build info: version: '3.141.59', revision: 'e82be7d358', time: '2018-11-14T08:17:03'
System info: host: 'DESKTOP-HT38EU9', ip: '169.254.147.79', os.name: 'Windows 10', os.arch: 'amd64', os.version: '10.0', java.version: '1.8.0_171'
Driver info: org.openqa.selenium.chrome.ChromeDriver
Capabilities {acceptInsecureCerts: false, acceptSslCerts: false, applicationCacheEnabled: false, browserConnectionEnabled: false, browserName: chrome, chrome: {chromedriverVersion: 2.40.565498 (ea082db3280dd6..., userDataDir: C:\Users\NRK\AppData\Local\...}, cssSelectorsEnabled: true, databaseEnabled: false, handlesAlerts: true, hasTouchScreen: false, javascriptEnabled: true, locationContextEnabled: true, mobileEmulationEnabled: false, nativeEvents: true, networkConnectionEnabled: false, pageLoadStrategy: normal, platform: XP, platformName: XP, rotatable: false, setWindowRect: true, takesHeapSnapshot: true, takesScreenshot: true, unexpectedAlertBehaviour: , unhandledPromptBehavior: , version: 83.0.4103.106, webStorageEnabled: true}
Session ID: 42f8f2b8b94dad890bdc4a93e8e986b6
*** Element info: {Using=xpath, value=//a[text()='My Account']}]]>
            </message>
            <full-stacktrace>
              <![CDATA[org.openqa.selenium.NoSuchElementException: no such element: Unable to locate element: {"method":"xpath","selector":"//a[text()='My Account']"}
  (Session info: chrome=83.0.4103.106)
  (Driver info: chromedriver=2.40.565498 (ea082db3280dd6843ebfb08a625e3eb905c4f5ab),platform=Windows NT 10.0.18362 x86_64) (WARNING: The server did not provide any stacktrace information)
Command duration or timeout: 0 milliseconds
For documentation on this error, please visit: https://www.seleniumhq.org/exceptions/no_such_element.html
Build info: version: '3.141.59', revision: 'e82be7d358', time: '2018-11-14T08:17:03'
System info: host: 'DESKTOP-HT38EU9', ip: '169.254.147.79', os.name: 'Windows 10', os.arch: 'amd64', os.version: '10.0', java.version: '1.8.0_171'
Driver info: org.openqa.selenium.chrome.ChromeDriver
Capabilities {acceptInsecureCerts: false, acceptSslCerts: false, applicationCacheEnabled: false, browserConnectionEnabled: false, browserName: chrome, chrome: {chromedriverVersion: 2.40.565498 (ea082db3280dd6..., userDataDir: C:\Users\NRK\AppData\Local\...}, cssSelectorsEnabled: true, databaseEnabled: false, handlesAlerts: true, hasTouchScreen: false, javascriptEnabled: true, locationContextEnabled: true, mobileEmulationEnabled: false, nativeEvents: true, networkConnectionEnabled: false, pageLoadStrategy: normal, platform: XP, platformName: XP, rotatable: false, setWindowRect: true, takesHeapSnapshot: true, takesScreenshot: true, unexpectedAlertBehaviour: , unhandledPromptBehavior: , version: 83.0.4103.106, webStorageEnabled: true}
Session ID: 42f8f2b8b94dad890bdc4a93e8e986b6
*** Element info: {Using=xpath, value=//a[text()='My Account']}
	at sun.reflect.NativeConstructorAccessorImpl.newInstance0(Native Method)
	at sun.reflect.NativeConstructorAccessorImpl.newInstance(Unknown Source)
	at sun.reflect.DelegatingConstructorAccessorImpl.newInstance(Unknown Source)
	at java.lang.reflect.Constructor.newInstance(Unknown Source)
	at org.openqa.selenium.remote.ErrorHandler.createThrowable(ErrorHandler.java:214)
	at org.openqa.selenium.remote.ErrorHandler.throwIfResponseFailed(ErrorHandler.java:166)
	at org.openqa.selenium.remote.http.JsonHttpResponseCodec.reconstructValue(JsonHttpResponseCodec.java:40)
	at org.openqa.selenium.remote.http.AbstractHttpResponseCodec.decode(AbstractHttpResponseCodec.java:80)
	at org.openqa.selenium.remote.http.AbstractHttpResponseCodec.decode(AbstractHttpResponseCodec.java:44)
	at org.openqa.selenium.remote.HttpCommandExecutor.execute(HttpCommandExecutor.java:158)
	at org.openqa.selenium.remote.service.DriverCommandExecutor.execute(DriverCommandExecutor.java:83)
	at org.openqa.selenium.remote.RemoteWebDriver.execute(RemoteWebDriver.java:552)
	at org.openqa.selenium.remote.RemoteWebDriver.findElement(RemoteWebDriver.java:323)
	at org.openqa.selenium.remote.RemoteWebDriver.findElementByXPath(RemoteWebDriver.java:428)
	at org.openqa.selenium.By$ByXPath.findElement(By.java:353)
	at org.openqa.selenium.remote.RemoteWebDriver.findElement(RemoteWebDriver.java:315)
	at org.openqa.selenium.support.pagefactory.DefaultElementLocator.findElement(DefaultElementLocator.java:69)
	at org.openqa.selenium.support.pagefactory.internal.LocatingElementHandler.invoke(LocatingElementHandler.java:38)
	at com.sun.proxy.$Proxy12.isDisplayed(Unknown Source)
	at com.ajioweb.page.SignInPage.is_MyAccount_Visible(SignInPage.java:210)
	at com.ajioweb.pagetest.SignInPageTest.verify_Successfull_Login(SignInPageTest.java:94)
	at sun.reflect.NativeMethodAccessorImpl.invoke0(Native Method)
	at sun.reflect.NativeMethodAccessorImpl.invoke(Unknown Source)
	at sun.reflect.DelegatingMethodAccessorImpl.invoke(Unknown Source)
	at java.lang.reflect.Method.invoke(Unknown Source)
	at org.testng.internal.MethodInvocationHelper.invokeMethod(MethodInvocationHelper.java:86)
	at org.testng.internal.Invoker.invokeMethod(Invoker.java:646)
	at org.testng.internal.Invoker.invokeTestMethod(Invoker.java:823)
	at org.testng.internal.Invoker.invokeTestMethods(Invoker.java:1131)
	at org.testng.internal.TestMethodWorker.invokeTestMethods(TestMethodWorker.java:129)
	at org.testng.internal.TestMethodWorker.run(TestMethodWorker.java:112)
	at org.testng.TestRunner.privateRun(TestRunner.java:778)
	at org.testng.TestRunner.run(TestRunner.java:632)
	at org.testng.SuiteRunner.runTest(SuiteRunner.java:366)
	at org.testng.SuiteRunner.runSequentially(SuiteRunner.java:361)
	at org.testng.SuiteRunner.privateRun(SuiteRunner.java:319)
	at org.testng.SuiteRunner.run(SuiteRunner.java:268)
	at org.testng.SuiteRunnerWorker.runSuite(SuiteRunnerWorker.java:52)
	at org.testng.SuiteRunnerWorker.run(SuiteRunnerWorker.java:86)
	at org.testng.TestNG.runSuitesSequentially(TestNG.java:1225)
	at org.testng.TestNG.runSuitesLocally(TestNG.java:1150)
	at org.testng.TestNG.runSuites(TestNG.java:1075)
	at org.testng.TestNG.run(TestNG.java:1047)
	at org.testng.remote.AbstractRemoteTestNG.run(AbstractRemoteTestNG.java:126)
	at org.testng.remote.RemoteTestNG.initAndRun(RemoteTestNG.java:137)
	at org.testng.remote.RemoteTestNG.main(RemoteTestNG.java:58)
]]>
            </full-stacktrace>
          </exception> <!-- org.openqa.selenium.NoSuchElementException -->
          <reporter-output>
          </reporter-output>
        </test-method> <!-- verify_Successfull_Login -->
        <test-method status="PASS" signature="tearDown(org.testng.ITestResult)[pri:0, instance:com.ajioweb.pagetest.SignInPageTest@1d8d30f7]" name="tearDown" is-config="true" duration-ms="1087" started-at="2020-06-23T13:45:11Z" finished-at="2020-06-23T13:45:13Z">
          <params>
            <param index="0">
              <value>
                <![CDATA[[TestResult name=verify_Successfull_Login status=FAILURE method=SignInPageTest.verify_Successfull_Login(java.lang.String, java.lang.String)[pri:0, instance:com.ajioweb.pagetest.SignInPageTest@1d8d30f7] output={null}]]]>
              </value>
            </param>
          </params>
          <reporter-output>
          </reporter-output>
        </test-method> <!-- tearDown -->
        <test-method status="PASS" signature="setUp()[pri:0, instance:com.ajioweb.pagetest.SignInPageTest@1d8d30f7]" name="setUp" is-config="true" duration-ms="48453" started-at="2020-06-23T13:45:13Z" finished-at="2020-06-23T13:46:01Z">
          <reporter-output>
          </reporter-output>
        </test-method> <!-- setUp -->
        <test-method status="FAIL" signature="verify_Successfull_Login(java.lang.String, java.lang.String)[pri:0, instance:com.ajioweb.pagetest.SignInPageTest@1d8d30f7]" name="verify_Successfull_Login" duration-ms="21032" started-at="2020-06-23T13:46:01Z" description="To verify Successfull Login after providing valid username and password" data-provider="TestData" finished-at="2020-06-23T13:46:22Z">
          <params>
            <param index="0">
              <value>
                <![CDATA[invalid]]>
              </value>
            </param>
            <param index="1">
              <value>
                <![CDATA[Priya123@]]>
              </value>
            </param>
          </params>
          <exception class="org.openqa.selenium.NoSuchElementException">
            <message>
              <![CDATA[no such element: Unable to locate element: {"method":"css selector","selector":"input[name="password"]"}
  (Session info: chrome=83.0.4103.106)
  (Driver info: chromedriver=2.40.565498 (ea082db3280dd6843ebfb08a625e3eb905c4f5ab),platform=Windows NT 10.0.18362 x86_64) (WARNING: The server did not provide any stacktrace information)
Command duration or timeout: 0 milliseconds
For documentation on this error, please visit: https://www.seleniumhq.org/exceptions/no_such_element.html
Build info: version: '3.141.59', revision: 'e82be7d358', time: '2018-11-14T08:17:03'
System info: host: 'DESKTOP-HT38EU9', ip: '169.254.147.79', os.name: 'Windows 10', os.arch: 'amd64', os.version: '10.0', java.version: '1.8.0_171'
Driver info: org.openqa.selenium.chrome.ChromeDriver
Capabilities {acceptInsecureCerts: false, acceptSslCerts: false, applicationCacheEnabled: false, browserConnectionEnabled: false, browserName: chrome, chrome: {chromedriverVersion: 2.40.565498 (ea082db3280dd6..., userDataDir: C:\Users\NRK\AppData\Local\...}, cssSelectorsEnabled: true, databaseEnabled: false, handlesAlerts: true, hasTouchScreen: false, javascriptEnabled: true, locationContextEnabled: true, mobileEmulationEnabled: false, nativeEvents: true, networkConnectionEnabled: false, pageLoadStrategy: normal, platform: XP, platformName: XP, rotatable: false, setWindowRect: true, takesHeapSnapshot: true, takesScreenshot: true, unexpectedAlertBehaviour: , unhandledPromptBehavior: , version: 83.0.4103.106, webStorageEnabled: true}
Session ID: 965e9d102cc5ea61fdb2eb02ac4a1635
*** Element info: {Using=css selector, value=input[name="password"]}]]>
            </message>
            <full-stacktrace>
              <![CDATA[org.openqa.selenium.NoSuchElementException: no such element: Unable to locate element: {"method":"css selector","selector":"input[name="password"]"}
  (Session info: chrome=83.0.4103.106)
  (Driver info: chromedriver=2.40.565498 (ea082db3280dd6843ebfb08a625e3eb905c4f5ab),platform=Windows NT 10.0.18362 x86_64) (WARNING: The server did not provide any stacktrace information)
Command duration or timeout: 0 milliseconds
For documentation on this error, please visit: https://www.seleniumhq.org/exceptions/no_such_element.html
Build info: version: '3.141.59', revision: 'e82be7d358', time: '2018-11-14T08:17:03'
System info: host: 'DESKTOP-HT38EU9', ip: '169.254.147.79', os.name: 'Windows 10', os.arch: 'amd64', os.version: '10.0', java.version: '1.8.0_171'
Driver info: org.openqa.selenium.chrome.ChromeDriver
Capabilities {acceptInsecureCerts: false, acceptSslCerts: false, applicationCacheEnabled: false, browserConnectionEnabled: false, browserName: chrome, chrome: {chromedriverVersion: 2.40.565498 (ea082db3280dd6..., userDataDir: C:\Users\NRK\AppData\Local\...}, cssSelectorsEnabled: true, databaseEnabled: false, handlesAlerts: true, hasTouchScreen: false, javascriptEnabled: true, locationContextEnabled: true, mobileEmulationEnabled: false, nativeEvents: true, networkConnectionEnabled: false, pageLoadStrategy: normal, platform: XP, platformName: XP, rotatable: false, setWindowRect: true, takesHeapSnapshot: true, takesScreenshot: true, unexpectedAlertBehaviour: , unhandledPromptBehavior: , version: 83.0.4103.106, webStorageEnabled: true}
Session ID: 965e9d102cc5ea61fdb2eb02ac4a1635
*** Element info: {Using=css selector, value=input[name="password"]}
	at sun.reflect.NativeConstructorAccessorImpl.newInstance0(Native Method)
	at sun.reflect.NativeConstructorAccessorImpl.newInstance(Unknown Source)
	at sun.reflect.DelegatingConstructorAccessorImpl.newInstance(Unknown Source)
	at java.lang.reflect.Constructor.newInstance(Unknown Source)
	at org.openqa.selenium.remote.ErrorHandler.createThrowable(ErrorHandler.java:214)
	at org.openqa.selenium.remote.ErrorHandler.throwIfResponseFailed(ErrorHandler.java:166)
	at org.openqa.selenium.remote.http.JsonHttpResponseCodec.reconstructValue(JsonHttpResponseCodec.java:40)
	at org.openqa.selenium.remote.http.AbstractHttpResponseCodec.decode(AbstractHttpResponseCodec.java:80)
	at org.openqa.selenium.remote.http.AbstractHttpResponseCodec.decode(AbstractHttpResponseCodec.java:44)
	at org.openqa.selenium.remote.HttpCommandExecutor.execute(HttpCommandExecutor.java:158)
	at org.openqa.selenium.remote.service.DriverCommandExecutor.execute(DriverCommandExecutor.java:83)
	at org.openqa.selenium.remote.RemoteWebDriver.execute(RemoteWebDriver.java:552)
	at org.openqa.selenium.remote.RemoteWebDriver.findElement(RemoteWebDriver.java:323)
	at org.openqa.selenium.remote.RemoteWebDriver.findElementByCssSelector(RemoteWebDriver.java:420)
	at org.openqa.selenium.By$ByCssSelector.findElement(By.java:431)
	at org.openqa.selenium.remote.RemoteWebDriver.findElement(RemoteWebDriver.java:315)
	at org.openqa.selenium.support.pagefactory.DefaultElementLocator.findElement(DefaultElementLocator.java:69)
	at org.openqa.selenium.support.pagefactory.internal.LocatingElementHandler.invoke(LocatingElementHandler.java:38)
	at com.sun.proxy.$Proxy12.sendKeys(Unknown Source)
	at com.ajioweb.pagetest.SignInPageTest.verify_Successfull_Login(SignInPageTest.java:92)
	at sun.reflect.NativeMethodAccessorImpl.invoke0(Native Method)
	at sun.reflect.NativeMethodAccessorImpl.invoke(Unknown Source)
	at sun.reflect.DelegatingMethodAccessorImpl.invoke(Unknown Source)
	at java.lang.reflect.Method.invoke(Unknown Source)
	at org.testng.internal.MethodInvocationHelper.invokeMethod(MethodInvocationHelper.java:86)
	at org.testng.internal.Invoker.invokeMethod(Invoker.java:646)
	at org.testng.internal.Invoker.invokeTestMethod(Invoker.java:823)
	at org.testng.internal.Invoker.invokeTestMethods(Invoker.java:1131)
	at org.testng.internal.TestMethodWorker.invokeTestMethods(TestMethodWorker.java:129)
	at org.testng.internal.TestMethodWorker.run(TestMethodWorker.java:112)
	at org.testng.TestRunner.privateRun(TestRunner.java:778)
	at org.testng.TestRunner.run(TestRunner.java:632)
	at org.testng.SuiteRunner.runTest(SuiteRunner.java:366)
	at org.testng.SuiteRunner.runSequentially(SuiteRunner.java:361)
	at org.testng.SuiteRunner.privateRun(SuiteRunner.java:319)
	at org.testng.SuiteRunner.run(SuiteRunner.java:268)
	at org.testng.SuiteRunnerWorker.runSuite(SuiteRunnerWorker.java:52)
	at org.testng.SuiteRunnerWorker.run(SuiteRunnerWorker.java:86)
	at org.testng.TestNG.runSuitesSequentially(TestNG.java:1225)
	at org.testng.TestNG.runSuitesLocally(TestNG.java:1150)
	at org.testng.TestNG.runSuites(TestNG.java:1075)
	at org.testng.TestNG.run(TestNG.java:1047)
	at org.testng.remote.AbstractRemoteTestNG.run(AbstractRemoteTestNG.java:126)
	at org.testng.remote.RemoteTestNG.initAndRun(RemoteTestNG.java:137)
	at org.testng.remote.RemoteTestNG.main(RemoteTestNG.java:58)
]]>
            </full-stacktrace>
          </exception> <!-- org.openqa.selenium.NoSuchElementException -->
          <reporter-output>
          </reporter-output>
        </test-method> <!-- verify_Successfull_Login -->
        <test-method status="PASS" signature="tearDown(org.testng.ITestResult)[pri:0, instance:com.ajioweb.pagetest.SignInPageTest@1d8d30f7]" name="tearDown" is-config="true" duration-ms="4856" started-at="2020-06-23T13:46:23Z" finished-at="2020-06-23T13:46:28Z">
          <params>
            <param index="0">
              <value>
                <![CDATA[[TestResult name=verify_Successfull_Login status=FAILURE method=SignInPageTest.verify_Successfull_Login(java.lang.String, java.lang.String)[pri:0, instance:com.ajioweb.pagetest.SignInPageTest@1d8d30f7] output={null}]]]>
              </value>
            </param>
          </params>
          <reporter-output>
          </reporter-output>
        </test-method> <!-- tearDown -->
        <test-method status="PASS" signature="setUp()[pri:0, instance:com.ajioweb.pagetest.SignInPageTest@1d8d30f7]" name="setUp" is-config="true" duration-ms="18957" started-at="2020-06-23T13:46:28Z" finished-at="2020-06-23T13:46:47Z">
          <reporter-output>
          </reporter-output>
        </test-method> <!-- setUp -->
        <test-method status="FAIL" signature="verify_Successfull_Login(java.lang.String, java.lang.String)[pri:0, instance:com.ajioweb.pagetest.SignInPageTest@1d8d30f7]" name="verify_Successfull_Login" duration-ms="21083" started-at="2020-06-23T13:46:47Z" description="To verify Successfull Login after providing valid username and password" data-provider="TestData" finished-at="2020-06-23T13:47:08Z">
          <params>
            <param index="0">
              <value>
                <![CDATA[invalid]]>
              </value>
            </param>
            <param index="1">
              <value>
                <![CDATA[invalid]]>
              </value>
            </param>
          </params>
          <exception class="org.openqa.selenium.NoSuchElementException">
            <message>
              <![CDATA[no such element: Unable to locate element: {"method":"css selector","selector":"input[name="password"]"}
  (Session info: chrome=83.0.4103.106)
  (Driver info: chromedriver=2.40.565498 (ea082db3280dd6843ebfb08a625e3eb905c4f5ab),platform=Windows NT 10.0.18362 x86_64) (WARNING: The server did not provide any stacktrace information)
Command duration or timeout: 0 milliseconds
For documentation on this error, please visit: https://www.seleniumhq.org/exceptions/no_such_element.html
Build info: version: '3.141.59', revision: 'e82be7d358', time: '2018-11-14T08:17:03'
System info: host: 'DESKTOP-HT38EU9', ip: '169.254.147.79', os.name: 'Windows 10', os.arch: 'amd64', os.version: '10.0', java.version: '1.8.0_171'
Driver info: org.openqa.selenium.chrome.ChromeDriver
Capabilities {acceptInsecureCerts: false, acceptSslCerts: false, applicationCacheEnabled: false, browserConnectionEnabled: false, browserName: chrome, chrome: {chromedriverVersion: 2.40.565498 (ea082db3280dd6..., userDataDir: C:\Users\NRK\AppData\Local\...}, cssSelectorsEnabled: true, databaseEnabled: false, handlesAlerts: true, hasTouchScreen: false, javascriptEnabled: true, locationContextEnabled: true, mobileEmulationEnabled: false, nativeEvents: true, networkConnectionEnabled: false, pageLoadStrategy: normal, platform: XP, platformName: XP, rotatable: false, setWindowRect: true, takesHeapSnapshot: true, takesScreenshot: true, unexpectedAlertBehaviour: , unhandledPromptBehavior: , version: 83.0.4103.106, webStorageEnabled: true}
Session ID: 56d9f85886deacfb53d1c4b2183b8211
*** Element info: {Using=css selector, value=input[name="password"]}]]>
            </message>
            <full-stacktrace>
              <![CDATA[org.openqa.selenium.NoSuchElementException: no such element: Unable to locate element: {"method":"css selector","selector":"input[name="password"]"}
  (Session info: chrome=83.0.4103.106)
  (Driver info: chromedriver=2.40.565498 (ea082db3280dd6843ebfb08a625e3eb905c4f5ab),platform=Windows NT 10.0.18362 x86_64) (WARNING: The server did not provide any stacktrace information)
Command duration or timeout: 0 milliseconds
For documentation on this error, please visit: https://www.seleniumhq.org/exceptions/no_such_element.html
Build info: version: '3.141.59', revision: 'e82be7d358', time: '2018-11-14T08:17:03'
System info: host: 'DESKTOP-HT38EU9', ip: '169.254.147.79', os.name: 'Windows 10', os.arch: 'amd64', os.version: '10.0', java.version: '1.8.0_171'
Driver info: org.openqa.selenium.chrome.ChromeDriver
Capabilities {acceptInsecureCerts: false, acceptSslCerts: false, applicationCacheEnabled: false, browserConnectionEnabled: false, browserName: chrome, chrome: {chromedriverVersion: 2.40.565498 (ea082db3280dd6..., userDataDir: C:\Users\NRK\AppData\Local\...}, cssSelectorsEnabled: true, databaseEnabled: false, handlesAlerts: true, hasTouchScreen: false, javascriptEnabled: true, locationContextEnabled: true, mobileEmulationEnabled: false, nativeEvents: true, networkConnectionEnabled: false, pageLoadStrategy: normal, platform: XP, platformName: XP, rotatable: false, setWindowRect: true, takesHeapSnapshot: true, takesScreenshot: true, unexpectedAlertBehaviour: , unhandledPromptBehavior: , version: 83.0.4103.106, webStorageEnabled: true}
Session ID: 56d9f85886deacfb53d1c4b2183b8211
*** Element info: {Using=css selector, value=input[name="password"]}
	at sun.reflect.NativeConstructorAccessorImpl.newInstance0(Native Method)
	at sun.reflect.NativeConstructorAccessorImpl.newInstance(Unknown Source)
	at sun.reflect.DelegatingConstructorAccessorImpl.newInstance(Unknown Source)
	at java.lang.reflect.Constructor.newInstance(Unknown Source)
	at org.openqa.selenium.remote.ErrorHandler.createThrowable(ErrorHandler.java:214)
	at org.openqa.selenium.remote.ErrorHandler.throwIfResponseFailed(ErrorHandler.java:166)
	at org.openqa.selenium.remote.http.JsonHttpResponseCodec.reconstructValue(JsonHttpResponseCodec.java:40)
	at org.openqa.selenium.remote.http.AbstractHttpResponseCodec.decode(AbstractHttpResponseCodec.java:80)
	at org.openqa.selenium.remote.http.AbstractHttpResponseCodec.decode(AbstractHttpResponseCodec.java:44)
	at org.openqa.selenium.remote.HttpCommandExecutor.execute(HttpCommandExecutor.java:158)
	at org.openqa.selenium.remote.service.DriverCommandExecutor.execute(DriverCommandExecutor.java:83)
	at org.openqa.selenium.remote.RemoteWebDriver.execute(RemoteWebDriver.java:552)
	at org.openqa.selenium.remote.RemoteWebDriver.findElement(RemoteWebDriver.java:323)
	at org.openqa.selenium.remote.RemoteWebDriver.findElementByCssSelector(RemoteWebDriver.java:420)
	at org.openqa.selenium.By$ByCssSelector.findElement(By.java:431)
	at org.openqa.selenium.remote.RemoteWebDriver.findElement(RemoteWebDriver.java:315)
	at org.openqa.selenium.support.pagefactory.DefaultElementLocator.findElement(DefaultElementLocator.java:69)
	at org.openqa.selenium.support.pagefactory.internal.LocatingElementHandler.invoke(LocatingElementHandler.java:38)
	at com.sun.proxy.$Proxy12.sendKeys(Unknown Source)
	at com.ajioweb.pagetest.SignInPageTest.verify_Successfull_Login(SignInPageTest.java:92)
	at sun.reflect.NativeMethodAccessorImpl.invoke0(Native Method)
	at sun.reflect.NativeMethodAccessorImpl.invoke(Unknown Source)
	at sun.reflect.DelegatingMethodAccessorImpl.invoke(Unknown Source)
	at java.lang.reflect.Method.invoke(Unknown Source)
	at org.testng.internal.MethodInvocationHelper.invokeMethod(MethodInvocationHelper.java:86)
	at org.testng.internal.Invoker.invokeMethod(Invoker.java:646)
	at org.testng.internal.Invoker.invokeTestMethod(Invoker.java:823)
	at org.testng.internal.Invoker.invokeTestMethods(Invoker.java:1131)
	at org.testng.internal.TestMethodWorker.invokeTestMethods(TestMethodWorker.java:129)
	at org.testng.internal.TestMethodWorker.run(TestMethodWorker.java:112)
	at org.testng.TestRunner.privateRun(TestRunner.java:778)
	at org.testng.TestRunner.run(TestRunner.java:632)
	at org.testng.SuiteRunner.runTest(SuiteRunner.java:366)
	at org.testng.SuiteRunner.runSequentially(SuiteRunner.java:361)
	at org.testng.SuiteRunner.privateRun(SuiteRunner.java:319)
	at org.testng.SuiteRunner.run(SuiteRunner.java:268)
	at org.testng.SuiteRunnerWorker.runSuite(SuiteRunnerWorker.java:52)
	at org.testng.SuiteRunnerWorker.run(SuiteRunnerWorker.java:86)
	at org.testng.TestNG.runSuitesSequentially(TestNG.java:1225)
	at org.testng.TestNG.runSuitesLocally(TestNG.java:1150)
	at org.testng.TestNG.runSuites(TestNG.java:1075)
	at org.testng.TestNG.run(TestNG.java:1047)
	at org.testng.remote.AbstractRemoteTestNG.run(AbstractRemoteTestNG.java:126)
	at org.testng.remote.RemoteTestNG.initAndRun(RemoteTestNG.java:137)
	at org.testng.remote.RemoteTestNG.main(RemoteTestNG.java:58)
]]>
            </full-stacktrace>
          </exception> <!-- org.openqa.selenium.NoSuchElementException -->
          <reporter-output>
          </reporter-output>
        </test-method> <!-- verify_Successfull_Login -->
        <test-method status="PASS" signature="tearDown(org.testng.ITestResult)[pri:0, instance:com.ajioweb.pagetest.SignInPageTest@1d8d30f7]" name="tearDown" is-config="true" duration-ms="775" started-at="2020-06-23T13:47:09Z" finished-at="2020-06-23T13:47:09Z">
          <params>
            <param index="0">
              <value>
                <![CDATA[[TestResult name=verify_Successfull_Login status=FAILURE method=SignInPageTest.verify_Successfull_Login(java.lang.String, java.lang.String)[pri:0, instance:com.ajioweb.pagetest.SignInPageTest@1d8d30f7] output={null}]]]>
              </value>
            </param>
          </params>
          <reporter-output>
          </reporter-output>
        </test-method> <!-- tearDown -->
        <test-method status="PASS" signature="setUp()[pri:0, instance:com.ajioweb.pagetest.SignInPageTest@1d8d30f7]" name="setUp" is-config="true" duration-ms="21245" started-at="2020-06-23T13:47:09Z" finished-at="2020-06-23T13:47:31Z">
          <reporter-output>
          </reporter-output>
        </test-method> <!-- setUp -->
        <test-method status="PASS" signature="verify_TACLink_is_redirecting_to_TACPage()[pri:0, instance:com.ajioweb.pagetest.SignInPageTest@1d8d30f7]" name="verify_TACLink_is_redirecting_to_TACPage" duration-ms="2827" started-at="2020-06-23T13:47:31Z" description="To verify  termsAndCondition_Link_ is redirecting to terms and  ondition page" finished-at="2020-06-23T13:47:34Z">
          <reporter-output>
          </reporter-output>
        </test-method> <!-- verify_TACLink_is_redirecting_to_TACPage -->
        <test-method status="PASS" signature="tearDown(org.testng.ITestResult)[pri:0, instance:com.ajioweb.pagetest.SignInPageTest@1d8d30f7]" name="tearDown" is-config="true" duration-ms="4329" started-at="2020-06-23T13:47:34Z" finished-at="2020-06-23T13:47:38Z">
          <params>
            <param index="0">
              <value>
                <![CDATA[[TestResult name=verify_TACLink_is_redirecting_to_TACPage status=SUCCESS method=SignInPageTest.verify_TACLink_is_redirecting_to_TACPage()[pri:0, instance:com.ajioweb.pagetest.SignInPageTest@1d8d30f7] output={null}]]]>
              </value>
            </param>
          </params>
          <reporter-output>
          </reporter-output>
        </test-method> <!-- tearDown -->
        <test-method status="PASS" signature="setUp()[pri:0, instance:com.ajioweb.pagetest.SignInPageTest@1d8d30f7]" name="setUp" is-config="true" duration-ms="18178" started-at="2020-06-23T13:47:38Z" finished-at="2020-06-23T13:47:56Z">
          <reporter-output>
          </reporter-output>
        </test-method> <!-- setUp -->
        <test-method status="PASS" signature="verify_backIcon_redirectingPage_To_LoginFormEmail()[pri:0, instance:com.ajioweb.pagetest.SignInPageTest@1d8d30f7]" name="verify_backIcon_redirectingPage_To_LoginFormEmail" duration-ms="2052" started-at="2020-06-23T13:47:56Z" description="To verify after clicking back icon LoginForm_Email Modal Pop_Up is displaying!!" finished-at="2020-06-23T13:47:58Z">
          <reporter-output>
          </reporter-output>
        </test-method> <!-- verify_backIcon_redirectingPage_To_LoginFormEmail -->
        <test-method status="PASS" signature="tearDown(org.testng.ITestResult)[pri:0, instance:com.ajioweb.pagetest.SignInPageTest@1d8d30f7]" name="tearDown" is-config="true" duration-ms="275" started-at="2020-06-23T13:47:58Z" finished-at="2020-06-23T13:47:58Z">
          <params>
            <param index="0">
              <value>
                <![CDATA[[TestResult name=verify_backIcon_redirectingPage_To_LoginFormEmail status=SUCCESS method=SignInPageTest.verify_backIcon_redirectingPage_To_LoginFormEmail()[pri:0, instance:com.ajioweb.pagetest.SignInPageTest@1d8d30f7] output={null}]]]>
              </value>
            </param>
          </params>
          <reporter-output>
          </reporter-output>
        </test-method> <!-- tearDown -->
        <test-method status="PASS" signature="setUp()[pri:0, instance:com.ajioweb.pagetest.SignInPageTest@1d8d30f7]" name="setUp" is-config="true" duration-ms="18816" started-at="2020-06-23T13:47:58Z" finished-at="2020-06-23T13:48:17Z">
          <reporter-output>
          </reporter-output>
        </test-method> <!-- setUp -->
        <test-method status="PASS" signature="verify_closing_LoginForm()[pri:0, instance:com.ajioweb.pagetest.SignInPageTest@1d8d30f7]" name="verify_closing_LoginForm" duration-ms="397" started-at="2020-06-23T13:48:17Z" description="To verify  after clicking on close icon, the loginForm is closing" finished-at="2020-06-23T13:48:18Z">
          <reporter-output>
          </reporter-output>
        </test-method> <!-- verify_closing_LoginForm -->
        <test-method status="PASS" signature="tearDown(org.testng.ITestResult)[pri:0, instance:com.ajioweb.pagetest.SignInPageTest@1d8d30f7]" name="tearDown" is-config="true" duration-ms="299" started-at="2020-06-23T13:48:18Z" finished-at="2020-06-23T13:48:18Z">
          <params>
            <param index="0">
              <value>
                <![CDATA[[TestResult name=verify_closing_LoginForm status=SUCCESS method=SignInPageTest.verify_closing_LoginForm()[pri:0, instance:com.ajioweb.pagetest.SignInPageTest@1d8d30f7] output={null}]]]>
              </value>
            </param>
          </params>
          <reporter-output>
          </reporter-output>
        </test-method> <!-- tearDown -->
        <test-method status="PASS" signature="setUp()[pri:0, instance:com.ajioweb.pagetest.SignInPageTest@1d8d30f7]" name="setUp" is-config="true" duration-ms="20923" started-at="2020-06-23T13:48:18Z" finished-at="2020-06-23T13:48:39Z">
          <reporter-output>
          </reporter-output>
        </test-method> <!-- setUp -->
        <test-method status="PASS" signature="verify_loginFormEmail_Elements_Visibile()[pri:0, instance:com.ajioweb.pagetest.SignInPageTest@1d8d30f7]" name="verify_loginFormEmail_Elements_Visibile" duration-ms="549" started-at="2020-06-23T13:48:39Z" description="To verify all  elements on login Form_Email  is Visible" finished-at="2020-06-23T13:48:39Z">
          <reporter-output>
          </reporter-output>
        </test-method> <!-- verify_loginFormEmail_Elements_Visibile -->
        <test-method status="PASS" signature="tearDown(org.testng.ITestResult)[pri:0, instance:com.ajioweb.pagetest.SignInPageTest@1d8d30f7]" name="tearDown" is-config="true" duration-ms="239" started-at="2020-06-23T13:48:39Z" finished-at="2020-06-23T13:48:40Z">
          <params>
            <param index="0">
              <value>
                <![CDATA[[TestResult name=verify_loginFormEmail_Elements_Visibile status=SUCCESS method=SignInPageTest.verify_loginFormEmail_Elements_Visibile()[pri:0, instance:com.ajioweb.pagetest.SignInPageTest@1d8d30f7] output={null}]]]>
              </value>
            </param>
          </params>
          <reporter-output>
          </reporter-output>
        </test-method> <!-- tearDown -->
        <test-method status="PASS" signature="setUp()[pri:0, instance:com.ajioweb.pagetest.SignInPageTest@1d8d30f7]" name="setUp" is-config="true" duration-ms="18900" started-at="2020-06-23T13:48:40Z" finished-at="2020-06-23T13:48:58Z">
          <reporter-output>
          </reporter-output>
        </test-method> <!-- setUp -->
        <test-method status="PASS" signature="verify_loginFormPassword_Elements_Visibile()[pri:0, instance:com.ajioweb.pagetest.SignInPageTest@1d8d30f7]" name="verify_loginFormPassword_Elements_Visibile" duration-ms="2129" started-at="2020-06-23T13:48:58Z" description="To verify all  elements on login Form_Password  is Visible" finished-at="2020-06-23T13:49:01Z">
          <reporter-output>
          </reporter-output>
        </test-method> <!-- verify_loginFormPassword_Elements_Visibile -->
        <test-method status="PASS" signature="tearDown(org.testng.ITestResult)[pri:0, instance:com.ajioweb.pagetest.SignInPageTest@1d8d30f7]" name="tearDown" is-config="true" duration-ms="206" started-at="2020-06-23T13:49:01Z" finished-at="2020-06-23T13:49:01Z">
          <params>
            <param index="0">
              <value>
                <![CDATA[[TestResult name=verify_loginFormPassword_Elements_Visibile status=SUCCESS method=SignInPageTest.verify_loginFormPassword_Elements_Visibile()[pri:0, instance:com.ajioweb.pagetest.SignInPageTest@1d8d30f7] output={null}]]]>
              </value>
            </param>
          </params>
          <reporter-output>
          </reporter-output>
        </test-method> <!-- tearDown -->
        <test-method status="PASS" signature="setUp()[pri:0, instance:com.ajioweb.pagetest.SignInPageTest@1d8d30f7]" name="setUp" is-config="true" duration-ms="19949" started-at="2020-06-23T13:49:01Z" finished-at="2020-06-23T13:49:21Z">
          <reporter-output>
          </reporter-output>
        </test-method> <!-- setUp -->
        <test-method status="PASS" signature="verify_loginForm_Password_ModalPopUp_Visible()[pri:0, instance:com.ajioweb.pagetest.SignInPageTest@1d8d30f7]" name="verify_loginForm_Password_ModalPopUp_Visible" duration-ms="1768" started-at="2020-06-23T13:49:21Z" description="To verify After entering valid username and clicking on continue shoping LoginForm_Password Modal pop_Up Is dispaying" finished-at="2020-06-23T13:49:23Z">
          <reporter-output>
          </reporter-output>
        </test-method> <!-- verify_loginForm_Password_ModalPopUp_Visible -->
        <test-method status="PASS" signature="tearDown(org.testng.ITestResult)[pri:0, instance:com.ajioweb.pagetest.SignInPageTest@1d8d30f7]" name="tearDown" is-config="true" duration-ms="4245" started-at="2020-06-23T13:49:23Z" finished-at="2020-06-23T13:49:27Z">
          <params>
            <param index="0">
              <value>
                <![CDATA[[TestResult name=verify_loginForm_Password_ModalPopUp_Visible status=SUCCESS method=SignInPageTest.verify_loginForm_Password_ModalPopUp_Visible()[pri:0, instance:com.ajioweb.pagetest.SignInPageTest@1d8d30f7] output={null}]]]>
              </value>
            </param>
          </params>
          <reporter-output>
          </reporter-output>
        </test-method> <!-- tearDown -->
        <test-method status="PASS" signature="setUp()[pri:0, instance:com.ajioweb.pagetest.SignInPageTest@1d8d30f7]" name="setUp" is-config="true" duration-ms="18557" started-at="2020-06-23T13:49:27Z" finished-at="2020-06-23T13:49:45Z">
          <reporter-output>
          </reporter-output>
        </test-method> <!-- setUp -->
        <test-method status="PASS" signature="verify_signIn_JoinAjio_Link_is_Redirecting_to_signUpModalPopUp()[pri:0, instance:com.ajioweb.pagetest.SignInPageTest@1d8d30f7]" name="verify_signIn_JoinAjio_Link_is_Redirecting_to_signUpModalPopUp" duration-ms="247" started-at="2020-06-23T13:49:45Z" description="To verify signIn_JoinAjio Link is redirecting to  loginformEmai Modal popUp " finished-at="2020-06-23T13:49:46Z">
          <reporter-output>
          </reporter-output>
        </test-method> <!-- verify_signIn_JoinAjio_Link_is_Redirecting_to_signUpModalPopUp -->
        <test-method status="PASS" signature="tearDown(org.testng.ITestResult)[pri:0, instance:com.ajioweb.pagetest.SignInPageTest@1d8d30f7]" name="tearDown" is-config="true" duration-ms="4363" started-at="2020-06-23T13:49:46Z" finished-at="2020-06-23T13:49:50Z">
          <params>
            <param index="0">
              <value>
                <![CDATA[[TestResult name=verify_signIn_JoinAjio_Link_is_Redirecting_to_signUpModalPopUp status=SUCCESS method=SignInPageTest.verify_signIn_JoinAjio_Link_is_Redirecting_to_signUpModalPopUp()[pri:0, instance:com.ajioweb.pagetest.SignInPageTest@1d8d30f7] output={null}]]]>
              </value>
            </param>
          </params>
          <reporter-output>
          </reporter-output>
        </test-method> <!-- tearDown -->
      </class> <!-- com.ajioweb.pagetest.SignInPageTest -->
    </test> <!-- Test -->
  </suite> <!-- SigninPageSuite -->
</testng-results>
